<?xml version="1.0" encoding="UTF-8"?>
<!-- Generated by org.testng.reporters.JUnitReportReporter -->
<testsuite hostname="Aretec-Laptop" failures="0" tests="1" name="testCases.Login.Login" time="9.855" errors="0" timestamp="2023-04-05T15:51:54 EDT" skipped="0">
  <testcase classname="testCases.Login.Login" name="loginTest" time="9.855"/>
  <system-out>
    <![CDATA[Method: setEmail

Method: setPassword

Method: readEmail
]]>
  </system-out>
</testsuite> <!-- testCases.Login.Login -->
