<?xml version="1.0" encoding="UTF-8"?>
<!-- Generated by org.testng.reporters.JUnitReportReporter -->
<testsuite hostname="Aretec-Laptop" failures="0" tests="1" name="testCases.Login.Login" time="10.736" errors="0" timestamp="2023-04-07T11:55:33 EDT" skipped="0">
  <testcase classname="testCases.Login.Login" name="loginTest" time="10.736"/>
  <system-out>
    <![CDATA[Method: setEmail

Method: setPassword

Method: readEmail

Waiting for page to load completely...
The page 'Aretec Search' is fully loaded now.
Method: setSearchField
]]>
  </system-out>
</testsuite> <!-- testCases.Login.Login -->
