<?xml version="1.0" encoding="UTF-8"?>
<!-- Generated by org.testng.reporters.JUnitReportReporter -->
<testsuite hostname="JessesHP" failures="0" tests="1" name="testCases.SmokeTests.LoginSmoke" time="6.006" errors="0" timestamp="2023-05-25T14:35:47 EDT" skipped="0">
  <testcase classname="testCases.SmokeTests.LoginSmoke" name="loginSmokeTest" time="6.006"/>
  <system-out>
    <![CDATA[Beginning Login Smoke Test...
Beginning Login Modular Test...
Waiting for page to load completely...
The page '' is fully loaded now.
Method: setEmail
Method: setPassword
Method: readEmail
Email Address: jesse.childress@aretecinc.com
Method: readEmail
Method: clickLogin
Waiting for page to load completely...
The page '' is fully loaded now.
Expected URL: https://test-search-2my7afm7yq-ue.a.run.app/
Current URL : https://test-search-2my7afm7yq-ue.a.run.app/login]]>
  </system-out>
</testsuite> <!-- testCases.SmokeTests.LoginSmoke -->
