<?xml version="1.0" encoding="UTF-8"?>
<!-- Generated by org.testng.reporters.JUnitReportReporter -->
<testsuite hostname="JessesHP" failures="0" tests="1" name="testCases.SmokeTests.LeftMenusSmoke" time="16.322" errors="0" timestamp="2023-05-03T14:54:57 EDT" skipped="0">
  <testcase classname="testCases.SmokeTests.LeftMenusSmoke" name="leftMenusSmoke" time="16.322"/>
  <system-out>
    <![CDATA[Beginning Login Modular Test...
Waiting for page to load completely...
The page '' is fully loaded now.
Method: setEmail

Method: setPassword

Method: readEmail

Email Address: jesse.childress@aretecinc.com
Expected URL: https://test-search-2my7afm7yq-ue.a.run.app/
Current URL : https://test-search-2my7afm7yq-ue.a.run.app/
Waiting for page to load completely...
The page '' is fully loaded now.
Beginning Search Modular Test...
This is for the main search page from login...
Expected URL: https://test-search-2my7afm7yq-ue.a.run.app/
Current URL : https://test-search-2my7afm7yq-ue.a.run.app/
Waiting for page to load completely...
The page '' is fully loaded now.
Method: setSearchField

Method: readSearchField
]]>
  </system-out>
</testsuite> <!-- testCases.SmokeTests.LeftMenusSmoke -->
