<?xml version="1.0" encoding="UTF-8"?>
<!-- Generated by org.testng.reporters.JUnitReportReporter -->
<testsuite hostname="JessesHP" failures="0" tests="1" name="testCases.SmokeTests.TopMenusSmoke" time="11.430" errors="0" timestamp="2023-06-23T11:50:09 EDT" skipped="0">
  <testcase classname="testCases.SmokeTests.TopMenusSmoke" name="TopMenusSmokeTest" time="11.430"/>
  <system-out>
    <![CDATA[Beginning Login Modular Test...
Waiting for page to load completely...
The page '' is fully loaded now.
Method: setEmail
Method: setPassword
Method: readEmail
Email Address: jesse.childress@aretecinc.com
Method: readEmail
Method: clickLogin
Waiting for page to load completely...
The page '' is fully loaded now.
Expected URL: https://test.dataimagineers.ai/
Current URL : https://test.dataimagineers.ai/login
Waiting for page to load completely...
The page 'Test App' is fully loaded now.
Expected URL: https://test.dataimagineers.ai/
Current URL : https://test.dataimagineers.ai/
Method: isHomeLinkPresent
Method: isDocumentsTopLinkPresent
Method: isAboutLinkPresent
Method: isSettingsLinkPresent
Method: isLogoutLinkPresent
Method: clickDocumentsTopLink
Waiting for page to load completely...
The page 'Test App' is fully loaded now.
Expected URL: https://test.dataimagineers.ai/documents
Current URL : https://test.dataimagineers.ai/documents
Method: clickHomeTopLink
Waiting for page to load completely...
The page 'Test App' is fully loaded now.
Expected URL: https://test.dataimagineers.ai/
Current URL : https://test.dataimagineers.ai/
Method: clickSettings
Waiting for page to load completely...
The page 'Test App' is fully loaded now.
Expected URL: https://test.dataimagineers.ai/settings
Current URL : https://test.dataimagineers.ai/settings
Waiting for page to load completely...
The page 'Test App' is fully loaded now.
Method: clickLogout]]>
  </system-out>
</testsuite> <!-- testCases.SmokeTests.TopMenusSmoke -->
