<?xml version="1.0" encoding="UTF-8"?>
<!-- Generated by org.testng.reporters.JUnitReportReporter -->
<testsuite hostname="JessesHP" failures="0" tests="1" name="testCases.SmokeTests.LeftMenusSmoke" time="8.575" errors="0" timestamp="2023-06-23T11:50:09 EDT" skipped="0">
  <testcase classname="testCases.SmokeTests.LeftMenusSmoke" name="leftMenusSmoke" time="8.575"/>
  <system-out>
    <![CDATA[Beginning Login Modular Test...
Waiting for page to load completely...
The page '' is fully loaded now.
Method: setEmail
Method: setPassword
Method: readEmail
Email Address: jesse.childress@aretecinc.com
Method: readEmail
Method: clickLogin
Waiting for page to load completely...
The page '' is fully loaded now.
Expected URL: https://test.dataimagineers.ai/
Current URL : https://test.dataimagineers.ai/login
Waiting for page to load completely...
The page 'Test App' is fully loaded now.
Expected URL: https://test.dataimagineers.ai/
Current URL : https://test.dataimagineers.ai/
Method: clickDocumentsTopLink
Waiting for page to load completely...
The page 'Test App' is fully loaded now.
Expected URL: https://test.dataimagineers.ai/documents
Current URL : https://test.dataimagineers.ai/documents
Method: isSearchResultsPresent
Method: isEvaluationYearPresent
Method: clickEvaluationYear
Method: isCategoryPresent
Method: clickCategory
Method: isDocumentsPresent
Method: clickDocuments
Method: isDomainsPresent
Method: clickDomains
Method: isHistoryPresent
Method: clickHistory]]>
  </system-out>
</testsuite> <!-- testCases.SmokeTests.LeftMenusSmoke -->
