<?xml version="1.0" encoding="UTF-8"?>
<!-- Generated by org.testng.reporters.JUnitReportReporter -->
<testsuite hostname="JessesHP" failures="0" tests="1" name="testCases.Login.Login" time="35.074" errors="0" timestamp="2023-05-03T07:13:04 EDT" skipped="0">
  <testcase classname="testCases.Login.Login" name="loginTest" time="35.074"/>
  <system-out>
    <![CDATA[Method: setEmail

Method: setPassword

Method: readEmail

Expected URL: https://test-search-2my7afm7yq-ue.a.run.app/
Current URL : https://test-search-2my7afm7yq-ue.a.run.app/
Waiting for page to load completely...
The page 'Test App' is fully loaded now.
Method: setSearchField
]]>
  </system-out>
</testsuite> <!-- testCases.Login.Login -->
