<?xml version="1.0" encoding="UTF-8"?>
<!-- Generated by org.testng.reporters.JUnitReportReporter -->
<testsuite hostname="JessesHP" failures="0" tests="1" name="testCases.UploadFiles" time="636.763" errors="0" timestamp="2023-06-22T09:28:48 EDT" skipped="0">
  <testcase classname="testCases.UploadFiles" name="uploadFiles" time="636.763"/>
  <system-out>
    <![CDATA[Beginning Login Modular Test...
Waiting for page to load completely...
The page '' is fully loaded now.
Method: setEmail
Method: setPassword
Method: readEmail
Email Address: jesse.childress@aretecinc.com
Method: readEmail
Method: clickLogin
Waiting for page to load completely...
The page '' is fully loaded now.
Expected URL: https://test.dataimagineers.ai/
Current URL : https://test.dataimagineers.ai/login
Waiting for page to load completely...
The page 'Test App' is fully loaded now.
Expected URL: https://test.dataimagineers.ai/
Current URL : https://test.dataimagineers.ai/
Method: clickDocumentsTopLink
Waiting for page to load completely...
The page 'Test App' is fully loaded now.
Expected URL: https://test.dataimagineers.ai/documents
Current URL : https://test.dataimagineers.ai/documents
Method: selectDomain
Method: clickDomains
Method: openClosedDomains
Method: clickSearchDomains
Waiting for page to load completely...
The page 'Test App' is fully loaded now.
Method: isWebElementPresent
There is no table object on the page.
Method: clickHomeTopLink
Waiting for page to load completely...
The page 'Test App' is fully loaded now.
Expected URL: https://test.dataimagineers.ai/
Current URL : https://test.dataimagineers.ai/
Method: clickUploadDocuments
Method: clickSelectDomainButton
Method: selectDomain
Method: clickSelectDomainButton
Select Domain Button already clicked. Menus already present on page.
Method: openClosedDomains
File Uploaded: C:\Users\jesse\git\SearchApp\dataSets\localDataSets\SQA Test A - Software Testing Overview.pdf
File Uploaded: C:\Users\jesse\git\SearchApp\dataSets\localDataSets\SQA Test B - Selenium.pdf
File Uploaded: C:\Users\jesse\git\SearchApp\dataSets\localDataSets\SQA Test C - Jira.pdf
File Uploaded: C:\Users\jesse\git\SearchApp\dataSets\localDataSets\SQA Test D - Test Automation.pdf
File Uploaded: C:\Users\jesse\git\SearchApp\dataSets\localDataSets\SQA Test E - Java.pdf
Method: isFileInUploadList
Method: isFileInUploadList
Method: isFileInUploadList
Method: isFileInUploadList
Method: isFileInUploadList
Method: clickUpload]]>
  </system-out>
</testsuite> <!-- testCases.UploadFiles -->
