<?xml version="1.0" encoding="UTF-8"?>
<!-- Generated by org.testng.reporters.JUnitReportReporter -->
<testsuite hostname="JessesHP" failures="0" tests="1" name="testCases.SmokeTests.LeftMenusSmoke" time="16.407" errors="0" timestamp="2023-05-26T12:08:16 EDT" skipped="0">
  <testcase classname="testCases.SmokeTests.LeftMenusSmoke" name="leftMenusSmoke" time="16.407"/>
  <system-out>
    <![CDATA[Beginning Login Modular Test...
Waiting for page to load completely...
The page '' is fully loaded now.
Method: setEmail
Method: setPassword
Method: readEmail
Email Address: jesse.childress@aretecinc.com
Method: readEmail
Method: clickLogin
Waiting for page to load completely...
The page '' is fully loaded now.
Expected URL: https://test-search-2my7afm7yq-ue.a.run.app/
Current URL : https://test-search-2my7afm7yq-ue.a.run.app/login
Waiting for page to load completely...
The page 'Test App' is fully loaded now.
Expected URL: https://test-search-2my7afm7yq-ue.a.run.app/
Current URL : https://test-search-2my7afm7yq-ue.a.run.app/
Method: clickAllDomainsButton
Method: openClosedDomains
Beginning Search Modular Test...
This is for the main search page from login...
Waiting for page to load completely...
The page 'Test App' is fully loaded now.
Expected URL: https://test-search-2my7afm7yq-ue.a.run.app/
Current URL : https://test-search-2my7afm7yq-ue.a.run.app/
Method: selectDomain
Method: clickAllDomainsButton
All Domains Button already clicked. Menus already present on page.
Method: openClosedDomains
Method: setSearchField
Method: readSearchField
Method: setAPIDefault
Waiting for page to load completely...
The page 'Test App' is fully loaded now.
Expected URL: https://test-search-2my7afm7yq-ue.a.run.app/search-result.*
Current URL : https://test-search-2my7afm7yq-ue.a.run.app/search-result?search=What%20can%20Aretec%20help%20me%20do?%20Give%20me%20a%20bulleted%20list
Waiting for page to load completely...
The page 'Test App' is fully loaded now.
Method: isSearchResultsPresent
Method: isEvaluationYearPresent
Method: clickEvaluationYear
Method: isTopicsPresent
Method: clickTopics
Method: isDocumentsPresent
Method: clickDocuments
Method: isDomainsPresent
Method: clickDomains
Method: isHistoryPresent
Method: clickHistory]]>
  </system-out>
</testsuite> <!-- testCases.SmokeTests.LeftMenusSmoke -->
