<?xml version="1.0" encoding="UTF-8"?>
<!-- Generated by org.testng.reporters.JUnitReportReporter -->
<testsuite hostname="JessesHP" failures="0" tests="1" name="testCases.SmokeTests.LoginSmoke" time="7.767" errors="0" timestamp="2023-06-23T11:50:09 EDT" skipped="0">
  <testcase classname="testCases.SmokeTests.LoginSmoke" name="loginSmokeTest" time="7.767"/>
  <system-out>
    <![CDATA[Beginning Login Smoke Test...
Beginning Login Modular Test...
Waiting for page to load completely...
The page '' is fully loaded now.
Method: setEmail
Method: setPassword
Method: readEmail
Email Address: jesse.childress@aretecinc.com
Method: readEmail
Method: clickLogin
Waiting for page to load completely...
The page '' is fully loaded now.
Expected URL: https://test.dataimagineers.ai/
Current URL : https://test.dataimagineers.ai/login]]>
  </system-out>
</testsuite> <!-- testCases.SmokeTests.LoginSmoke -->
