<?xml version="1.0" encoding="UTF-8"?>
<!-- Generated by org.testng.reporters.JUnitReportReporter -->
<testsuite hostname="JessesHP" failures="0" tests="1" name="testCases.SmokeTests.MenusSmoke" time="21.395" errors="0" timestamp="2023-05-03T07:34:57 EDT" skipped="0">
  <testcase classname="testCases.SmokeTests.MenusSmoke" name="leftMenusTest" time="21.395"/>
  <system-out>
    <![CDATA[Beginning Login Modular Test...
Method: setEmail

Method: setPassword

Method: readEmail

Expected URL: https://test-search-2my7afm7yq-ue.a.run.app/
Current URL : https://test-search-2my7afm7yq-ue.a.run.app/
Waiting for page to load completely...
The page '' is fully loaded now.
Method: setSearchField
]]>
  </system-out>
</testsuite> <!-- testCases.SmokeTests.MenusSmoke -->
